{"total": {"lines":{"total":1204,"covered":711,"skipped":0,"pct":59.05},"statements":{"total":1615,"covered":907,"skipped":0,"pct":56.16},"functions":{"total":359,"covered":179,"skipped":0,"pct":49.86},"branches":{"total":1020,"covered":452,"skipped":0,"pct":44.31},"branchesTrue":{"total":0,"covered":0,"skipped":0,"pct":"Unknown"}}
,"/Users/pjanderson/projects/caldera/anvil/src/lib/accounts.ts": {"lines":{"total":14,"covered":0,"skipped":0,"pct":0},"functions":{"total":8,"covered":0,"skipped":0,"pct":0},"statements":{"total":26,"covered":0,"skipped":0,"pct":0},"branches":{"total":18,"covered":0,"skipped":0,"pct":0}}
,"/Users/pjanderson/projects/caldera/anvil/src/lib/agent-queue.ts": {"lines":{"total":10,"covered":10,"skipped":0,"pct":100},"functions":{"total":7,"covered":7,"skipped":0,"pct":100},"statements":{"total":15,"covered":15,"skipped":0,"pct":100},"branches":{"total":4,"covered":4,"skipped":0,"pct":100}}
,"/Users/pjanderson/projects/caldera/anvil/src/lib/agent-seed.ts": {"lines":{"total":1,"covered":0,"skipped":0,"pct":0},"functions":{"total":0,"covered":0,"skipped":0,"pct":100},"statements":{"total":1,"covered":0,"skipped":0,"pct":0},"branches":{"total":0,"covered":0,"skipped":0,"pct":100}}
,"/Users/pjanderson/projects/caldera/anvil/src/lib/agent-tools.ts": {"lines":{"total":14,"covered":14,"skipped":0,"pct":100},"functions":{"total":3,"covered":3,"skipped":0,"pct":100},"statements":{"total":16,"covered":16,"skipped":0,"pct":100},"branches":{"total":4,"covered":4,"skipped":0,"pct":100}}
,"/Users/pjanderson/projects/caldera/anvil/src/lib/agent.ts": {"lines":{"total":2,"covered":2,"skipped":0,"pct":100},"functions":{"total":3,"covered":3,"skipped":0,"pct":100},"statements":{"total":3,"covered":3,"skipped":0,"pct":100},"branches":{"total":0,"covered":0,"skipped":0,"pct":100}}
,"/Users/pjanderson/projects/caldera/anvil/src/lib/cm-color.ts": {"lines":{"total":30,"covered":0,"skipped":0,"pct":0},"functions":{"total":14,"covered":0,"skipped":0,"pct":0},"statements":{"total":40,"covered":0,"skipped":0,"pct":0},"branches":{"total":12,"covered":0,"skipped":0,"pct":0}}
,"/Users/pjanderson/projects/caldera/anvil/src/lib/cm-ghost.ts": {"lines":{"total":78,"covered":0,"skipped":0,"pct":0},"functions":{"total":25,"covered":0,"skipped":0,"pct":0},"statements":{"total":105,"covered":0,"skipped":0,"pct":0},"branches":{"total":75,"covered":0,"skipped":0,"pct":0}}
,"/Users/pjanderson/projects/caldera/anvil/src/lib/cm-lang.ts": {"lines":{"total":26,"covered":0,"skipped":0,"pct":0},"functions":{"total":1,"covered":0,"skipped":0,"pct":0},"statements":{"total":28,"covered":0,"skipped":0,"pct":0},"branches":{"total":49,"covered":0,"skipped":0,"pct":0}}
,"/Users/pjanderson/projects/caldera/anvil/src/lib/cm-lsp.ts": {"lines":{"total":200,"covered":0,"skipped":0,"pct":0},"functions":{"total":77,"covered":0,"skipped":0,"pct":0},"statements":{"total":275,"covered":0,"skipped":0,"pct":0},"branches":{"total":178,"covered":0,"skipped":0,"pct":0}}
,"/Users/pjanderson/projects/caldera/anvil/src/lib/cm-snippets.ts": {"lines":{"total":34,"covered":0,"skipped":0,"pct":0},"functions":{"total":13,"covered":0,"skipped":0,"pct":0},"statements":{"total":47,"covered":0,"skipped":0,"pct":0},"branches":{"total":33,"covered":0,"skipped":0,"pct":0}}
,"/Users/pjanderson/projects/caldera/anvil/src/lib/cm-theme.ts": {"lines":{"total":7,"covered":0,"skipped":0,"pct":0},"functions":{"total":2,"covered":0,"skipped":0,"pct":0},"statements":{"total":8,"covered":0,"skipped":0,"pct":0},"branches":{"total":8,"covered":0,"skipped":0,"pct":0}}
,"/Users/pjanderson/projects/caldera/anvil/src/lib/command-blocks.ts": {"lines":{"total":12,"covered":12,"skipped":0,"pct":100},"functions":{"total":4,"covered":4,"skipped":0,"pct":100},"statements":{"total":14,"covered":13,"skipped":0,"pct":92.85},"branches":{"total":8,"covered":7,"skipped":0,"pct":87.5}}
,"/Users/pjanderson/projects/caldera/anvil/src/lib/command-history.ts": {"lines":{"total":26,"covered":26,"skipped":0,"pct":100},"functions":{"total":5,"covered":5,"skipped":0,"pct":100},"statements":{"total":35,"covered":32,"skipped":0,"pct":91.42},"branches":{"total":28,"covered":26,"skipped":0,"pct":92.85}}
,"/Users/pjanderson/projects/caldera/anvil/src/lib/crash.ts": {"lines":{"total":20,"covered":0,"skipped":0,"pct":0},"functions":{"total":8,"covered":0,"skipped":0,"pct":0},"statements":{"total":26,"covered":0,"skipped":0,"pct":0},"branches":{"total":18,"covered":0,"skipped":0,"pct":0}}
,"/Users/pjanderson/projects/caldera/anvil/src/lib/density.ts": {"lines":{"total":7,"covered":7,"skipped":0,"pct":100},"functions":{"total":3,"covered":3,"skipped":0,"pct":100},"statements":{"total":7,"covered":7,"skipped":0,"pct":100},"branches":{"total":4,"covered":4,"skipped":0,"pct":100}}
,"/Users/pjanderson/projects/caldera/anvil/src/lib/diagnostics.ts": {"lines":{"total":5,"covered":0,"skipped":0,"pct":0},"functions":{"total":2,"covered":0,"skipped":0,"pct":0},"statements":{"total":7,"covered":0,"skipped":0,"pct":0},"branches":{"total":2,"covered":0,"skipped":0,"pct":0}}
,"/Users/pjanderson/projects/caldera/anvil/src/lib/editor-live.ts": {"lines":{"total":1,"covered":0,"skipped":0,"pct":0},"functions":{"total":0,"covered":0,"skipped":0,"pct":100},"statements":{"total":1,"covered":0,"skipped":0,"pct":0},"branches":{"total":0,"covered":0,"skipped":0,"pct":100}}
,"/Users/pjanderson/projects/caldera/anvil/src/lib/editor-settings.ts": {"lines":{"total":63,"covered":63,"skipped":0,"pct":100},"functions":{"total":17,"covered":17,"skipped":0,"pct":100},"statements":{"total":79,"covered":77,"skipped":0,"pct":97.46},"branches":{"total":59,"covered":34,"skipped":0,"pct":57.62}}
,"/Users/pjanderson/projects/caldera/anvil/src/lib/extensions.ts": {"lines":{"total":14,"covered":10,"skipped":0,"pct":71.42},"functions":{"total":7,"covered":6,"skipped":0,"pct":85.71},"statements":{"total":23,"covered":16,"skipped":0,"pct":69.56},"branches":{"total":12,"covered":8,"skipped":0,"pct":66.66}}
,"/Users/pjanderson/projects/caldera/anvil/src/lib/fonts.ts": {"lines":{"total":32,"covered":32,"skipped":0,"pct":100},"functions":{"total":12,"covered":12,"skipped":0,"pct":100},"statements":{"total":42,"covered":40,"skipped":0,"pct":95.23},"branches":{"total":28,"covered":17,"skipped":0,"pct":60.71}}
,"/Users/pjanderson/projects/caldera/anvil/src/lib/fuzzy.ts": {"lines":{"total":21,"covered":21,"skipped":0,"pct":100},"functions":{"total":4,"covered":4,"skipped":0,"pct":100},"statements":{"total":26,"covered":26,"skipped":0,"pct":100},"branches":{"total":17,"covered":17,"skipped":0,"pct":100}}
,"/Users/pjanderson/projects/caldera/anvil/src/lib/git.ts": {"lines":{"total":152,"covered":151,"skipped":0,"pct":99.34},"functions":{"total":14,"covered":14,"skipped":0,"pct":100},"statements":{"total":197,"covered":191,"skipped":0,"pct":96.95},"branches":{"total":108,"covered":97,"skipped":0,"pct":89.81}}
,"/Users/pjanderson/projects/caldera/anvil/src/lib/keymap.ts": {"lines":{"total":28,"covered":28,"skipped":0,"pct":100},"functions":{"total":6,"covered":6,"skipped":0,"pct":100},"statements":{"total":41,"covered":39,"skipped":0,"pct":95.12},"branches":{"total":27,"covered":23,"skipped":0,"pct":85.18}}
,"/Users/pjanderson/projects/caldera/anvil/src/lib/layout-settings.ts": {"lines":{"total":15,"covered":15,"skipped":0,"pct":100},"functions":{"total":6,"covered":6,"skipped":0,"pct":100},"statements":{"total":19,"covered":18,"skipped":0,"pct":94.73},"branches":{"total":16,"covered":11,"skipped":0,"pct":68.75}}
,"/Users/pjanderson/projects/caldera/anvil/src/lib/linediff.ts": {"lines":{"total":39,"covered":39,"skipped":0,"pct":100},"functions":{"total":4,"covered":4,"skipped":0,"pct":100},"statements":{"total":59,"covered":55,"skipped":0,"pct":93.22},"branches":{"total":16,"covered":16,"skipped":0,"pct":100}}
,"/Users/pjanderson/projects/caldera/anvil/src/lib/lsp.ts": {"lines":{"total":39,"covered":0,"skipped":0,"pct":0},"functions":{"total":15,"covered":0,"skipped":0,"pct":0},"statements":{"total":52,"covered":0,"skipped":0,"pct":0},"branches":{"total":41,"covered":0,"skipped":0,"pct":0}}
,"/Users/pjanderson/projects/caldera/anvil/src/lib/merge.ts": {"lines":{"total":46,"covered":46,"skipped":0,"pct":100},"functions":{"total":3,"covered":3,"skipped":0,"pct":100},"statements":{"total":61,"covered":61,"skipped":0,"pct":100},"branches":{"total":27,"covered":27,"skipped":0,"pct":100}}
,"/Users/pjanderson/projects/caldera/anvil/src/lib/offline.ts": {"lines":{"total":4,"covered":4,"skipped":0,"pct":100},"functions":{"total":2,"covered":2,"skipped":0,"pct":100},"statements":{"total":6,"covered":6,"skipped":0,"pct":100},"branches":{"total":4,"covered":2,"skipped":0,"pct":50}}
,"/Users/pjanderson/projects/caldera/anvil/src/lib/panes.ts": {"lines":{"total":101,"covered":95,"skipped":0,"pct":94.05},"functions":{"total":36,"covered":34,"skipped":0,"pct":94.44},"statements":{"total":137,"covered":121,"skipped":0,"pct":88.32},"branches":{"total":102,"covered":78,"skipped":0,"pct":76.47}}
,"/Users/pjanderson/projects/caldera/anvil/src/lib/redaction.ts": {"lines":{"total":24,"covered":24,"skipped":0,"pct":100},"functions":{"total":10,"covered":10,"skipped":0,"pct":100},"statements":{"total":38,"covered":34,"skipped":0,"pct":89.47},"branches":{"total":14,"covered":10,"skipped":0,"pct":71.42}}
,"/Users/pjanderson/projects/caldera/anvil/src/lib/scale.ts": {"lines":{"total":15,"covered":14,"skipped":0,"pct":93.33},"functions":{"total":5,"covered":4,"skipped":0,"pct":80},"statements":{"total":20,"covered":18,"skipped":0,"pct":90},"branches":{"total":12,"covered":7,"skipped":0,"pct":58.33}}
,"/Users/pjanderson/projects/caldera/anvil/src/lib/search-edit.ts": {"lines":{"total":10,"covered":10,"skipped":0,"pct":100},"functions":{"total":2,"covered":2,"skipped":0,"pct":100},"statements":{"total":11,"covered":11,"skipped":0,"pct":100},"branches":{"total":6,"covered":6,"skipped":0,"pct":100}}
,"/Users/pjanderson/projects/caldera/anvil/src/lib/telemetry.ts": {"lines":{"total":18,"covered":0,"skipped":0,"pct":0},"functions":{"total":6,"covered":0,"skipped":0,"pct":0},"statements":{"total":25,"covered":0,"skipped":0,"pct":0},"branches":{"total":16,"covered":0,"skipped":0,"pct":0}}
,"/Users/pjanderson/projects/caldera/anvil/src/lib/term-registry.ts": {"lines":{"total":6,"covered":0,"skipped":0,"pct":0},"functions":{"total":4,"covered":0,"skipped":0,"pct":0},"statements":{"total":8,"covered":0,"skipped":0,"pct":0},"branches":{"total":2,"covered":0,"skipped":0,"pct":0}}
,"/Users/pjanderson/projects/caldera/anvil/src/lib/terminal-open.ts": {"lines":{"total":1,"covered":0,"skipped":0,"pct":0},"functions":{"total":0,"covered":0,"skipped":0,"pct":100},"statements":{"total":1,"covered":0,"skipped":0,"pct":0},"branches":{"total":0,"covered":0,"skipped":0,"pct":100}}
,"/Users/pjanderson/projects/caldera/anvil/src/lib/terminal-settings.ts": {"lines":{"total":34,"covered":34,"skipped":0,"pct":100},"functions":{"total":10,"covered":10,"skipped":0,"pct":100},"statements":{"total":43,"covered":40,"skipped":0,"pct":93.02},"branches":{"total":30,"covered":18,"skipped":0,"pct":60}}
,"/Users/pjanderson/projects/caldera/anvil/src/lib/themes.ts": {"lines":{"total":49,"covered":48,"skipped":0,"pct":97.95},"functions":{"total":15,"covered":14,"skipped":0,"pct":93.33},"statements":{"total":63,"covered":58,"skipped":0,"pct":92.06},"branches":{"total":40,"covered":34,"skipped":0,"pct":85}}
,"/Users/pjanderson/projects/caldera/anvil/src/lib/toast.ts": {"lines":{"total":6,"covered":6,"skipped":0,"pct":100},"functions":{"total":6,"covered":6,"skipped":0,"pct":100},"statements":{"total":10,"covered":10,"skipped":0,"pct":100},"branches":{"total":2,"covered":2,"skipped":0,"pct":100}}
}
